c:\users\nemeon\desktop\gits\gdeng2\gdeng_engine\x64\debug\vc142.pdb
c:\users\nemeon\desktop\gits\gdeng2\gdeng_engine\x64\debug\vc142.idb
c:\users\nemeon\desktop\gits\gdeng2\gdeng_engine\x64\debug\window.obj
c:\users\nemeon\desktop\gits\gdeng2\gdeng_engine\x64\debug\vertexshader.obj
c:\users\nemeon\desktop\gits\gdeng2\gdeng_engine\x64\debug\vertexbuffer.obj
c:\users\nemeon\desktop\gits\gdeng2\gdeng_engine\x64\debug\swapchain.obj
c:\users\nemeon\desktop\gits\gdeng2\gdeng_engine\x64\debug\quad.obj
c:\users\nemeon\desktop\gits\gdeng2\gdeng_engine\x64\debug\pixelshader.obj
c:\users\nemeon\desktop\gits\gdeng2\gdeng_engine\x64\debug\main.obj
c:\users\nemeon\desktop\gits\gdeng2\gdeng_engine\x64\debug\graphicsengine.obj
c:\users\nemeon\desktop\gits\gdeng2\gdeng_engine\x64\debug\enginetime.obj
c:\users\nemeon\desktop\gits\gdeng2\gdeng_engine\x64\debug\devicecontext.obj
c:\users\nemeon\desktop\gits\gdeng2\gdeng_engine\x64\debug\constantbuffer.obj
c:\users\nemeon\desktop\gits\gdeng2\gdeng_engine\x64\debug\appwindow.obj
c:\users\nemeon\desktop\gits\gdeng2\gdeng_engine\x64\debug\line.obj
c:\users\nemeon\desktop\gits\gdeng2_engine\gdeng_engine\x64\debug\vc142.pdb
c:\users\nemeon\desktop\gits\gdeng2_engine\gdeng_engine\x64\debug\vc142.idb
c:\users\nemeon\desktop\gits\gdeng2_engine\gdeng_engine\x64\debug\vertexshader.obj
c:\users\nemeon\desktop\gits\gdeng2_engine\gdeng_engine\x64\debug\vertexbuffer.obj
c:\users\nemeon\desktop\gits\gdeng2_engine\gdeng_engine\x64\debug\swapchain.obj
c:\users\nemeon\desktop\gits\gdeng2_engine\gdeng_engine\x64\debug\quad.obj
c:\users\nemeon\desktop\gits\gdeng2_engine\gdeng_engine\x64\debug\pixelshader.obj
c:\users\nemeon\desktop\gits\gdeng2_engine\gdeng_engine\x64\debug\line.obj
c:\users\nemeon\desktop\gits\gdeng2_engine\gdeng_engine\x64\debug\inputsystem.obj
c:\users\nemeon\desktop\gits\gdeng2_engine\gdeng_engine\x64\debug\indexbuffer.obj
c:\users\nemeon\desktop\gits\gdeng2_engine\gdeng_engine\x64\debug\improvedline.obj
c:\users\nemeon\desktop\gits\gdeng2_engine\gdeng_engine\x64\debug\graphicsengine.obj
c:\users\nemeon\desktop\gits\gdeng2_engine\gdeng_engine\x64\debug\enginetime.obj
c:\users\nemeon\desktop\gits\gdeng2_engine\gdeng_engine\x64\debug\devicecontext.obj
c:\users\nemeon\desktop\gits\gdeng2_engine\gdeng_engine\x64\debug\constantbuffer.obj
c:\users\nemeon\desktop\gits\gdeng2_engine\gdeng_engine\x64\debug\vc143.pdb
c:\users\nemeon\desktop\gits\gdeng2_engine\gdeng_engine\x64\debug\vc143.idb
c:\users\nemeon\desktop\gits\gdeng2_engine\gdeng_engine\x64\debug\window.obj
c:\users\nemeon\desktop\gits\gdeng2_engine\gdeng_engine\x64\debug\main.obj
c:\users\nemeon\desktop\gits\gdeng2_engine\gdeng_engine\x64\debug\appwindow.obj
c:\users\nemeon\desktop\gits\gdeng2_engine\gdeng_engine\x64\debug\cube.obj
c:\users\nemeon\desktop\gits\gdeng2_engine\gdeng_engine\x64\debug\agameobject.obj
c:\users\nemeon\desktop\gits\gdeng2_engine\gdeng_engine\x64\debug\scenecamerahandler.obj
c:\users\nemeon\desktop\gits\gdeng2_engine\gdeng_engine\x64\debug\camera.obj
c:\users\nemeon\desktop\gits\gdeng2_engine\gdeng_engine\x64\debug\rendersystem.obj
c:\users\nemeon\desktop\gits\gdeng2_engine\gdeng_engine\x64\debug\imgui_widgets.obj
c:\users\nemeon\desktop\gits\gdeng2_engine\gdeng_engine\x64\debug\imgui_tables.obj
c:\users\nemeon\desktop\gits\gdeng2_engine\gdeng_engine\x64\debug\imgui_impl_win32.obj
c:\users\nemeon\desktop\gits\gdeng2_engine\gdeng_engine\x64\debug\imgui_impl_dx11.obj
c:\users\nemeon\desktop\gits\gdeng2_engine\gdeng_engine\x64\debug\imgui_draw.obj
c:\users\nemeon\desktop\gits\gdeng2_engine\gdeng_engine\x64\debug\imgui_demo.obj
c:\users\nemeon\desktop\gits\gdeng2_engine\gdeng_engine\x64\debug\imgui.obj
c:\users\nemeon\desktop\gits\gdeng2_engine\gdeng_engine\x64\debug\texturemanager.obj
c:\users\nemeon\desktop\gits\gdeng2_engine\gdeng_engine\x64\debug\texture.obj
c:\users\nemeon\desktop\gits\gdeng2_engine\gdeng_engine\x64\debug\resourcemanager.obj
c:\users\nemeon\desktop\gits\gdeng2_engine\gdeng_engine\x64\debug\resource.obj
c:\users\nemeon\desktop\gits\gdeng2_engine\gdeng_engine\x64\debug\physicssystem.obj
c:\users\nemeon\desktop\gits\gdeng2_engine\gdeng_engine\x64\debug\physicscomponent.obj
c:\users\nemeon\desktop\gits\gdeng2_engine\gdeng_engine\x64\debug\basecomponentsystem.obj
c:\users\nemeon\desktop\gits\gdeng2_engine\gdeng_engine\x64\debug\acomponent.obj
c:\users\nemeon\desktop\gits\gdeng2_engine\gdeng_engine\x64\debug\physicscube.obj
c:\users\nemeon\desktop\gits\gdeng2\gdeng_engine\x64\debug\directxgame.exe
c:\users\nemeon\desktop\gits\gdeng2\gdeng_engine\x64\debug\directxgame.ilk
c:\users\nemeon\desktop\gits\gdeng2\gdeng_engine\x64\debug\directxgame.pdb
c:\users\nemeon\desktop\gits\gdeng2_engine\gdeng_engine\x64\debug\directxgame.ilk
c:\users\nemeon\desktop\gits\gdeng2_engine\gdeng_engine\x64\debug\directxgame.exe
c:\users\nemeon\desktop\gits\gdeng2_engine\gdeng_engine\x64\debug\directxgame.pdb
c:\users\nemeon\desktop\gits\gdeng2_engine\gdeng_engine\x64\debug\frustum.obj
c:\users\nemeon\desktop\gits\gdeng2_engine\gdeng_engine\x64\debug\plane.obj
c:\users\nemeon\desktop\gits\gdeng2_engine\gdeng_engine\x64\debug\directxgame.tlog\cl.command.1.tlog
c:\users\nemeon\desktop\gits\gdeng2_engine\gdeng_engine\x64\debug\directxgame.tlog\cl.read.1.tlog
c:\users\nemeon\desktop\gits\gdeng2_engine\gdeng_engine\x64\debug\directxgame.tlog\cl.write.1.tlog
c:\users\nemeon\desktop\gits\gdeng2_engine\gdeng_engine\x64\debug\directxgame.tlog\fxc.command.1.tlog
c:\users\nemeon\desktop\gits\gdeng2_engine\gdeng_engine\x64\debug\directxgame.tlog\fxc.read.1.tlog
c:\users\nemeon\desktop\gits\gdeng2_engine\gdeng_engine\x64\debug\directxgame.tlog\link-cvtres.read.1.tlog
c:\users\nemeon\desktop\gits\gdeng2_engine\gdeng_engine\x64\debug\directxgame.tlog\link-cvtres.write.1.tlog
c:\users\nemeon\desktop\gits\gdeng2_engine\gdeng_engine\x64\debug\directxgame.tlog\link-rc.read.1.tlog
c:\users\nemeon\desktop\gits\gdeng2_engine\gdeng_engine\x64\debug\directxgame.tlog\link-rc.write.1.tlog
c:\users\nemeon\desktop\gits\gdeng2_engine\gdeng_engine\x64\debug\directxgame.tlog\link.command.1.tlog
c:\users\nemeon\desktop\gits\gdeng2_engine\gdeng_engine\x64\debug\directxgame.tlog\link.read.1.tlog
c:\users\nemeon\desktop\gits\gdeng2_engine\gdeng_engine\x64\debug\directxgame.tlog\link.read.2.tlog
c:\users\nemeon\desktop\gits\gdeng2_engine\gdeng_engine\x64\debug\directxgame.tlog\link.write.1.tlog
